2025-05-09 06:13:24.830: INFO  09 May 2025 06:13:19 [MainClass.java:67] - Started Marks Consolidation... version
2025-05-09 06:13:24.830: INFO  09 May 2025 06:13:19 [ConnectionPool.java:25] - Max idle connections is 0 Total Connections are 0
2025-05-09 06:13:24.830: INFO  09 May 2025 06:13:22 [MainClass.java:36] - Started Marks Consolidation...
2025-05-09 06:13:24.830: INFO  09 May 2025 06:13:23 [ConnectionPool.java:25] - Max idle connections is 0 Total Connections are 0
2025-05-09 ERROR Something broke
2025-05-09 INFO To check the warning
2025-05-09 ERROR Something broke
2025-05-09 ERROR Something broke
2025-05-09 INFO To check the warning
2025-05-09 INFO To check the warning
2025-05-09 ERROR Something broke
2025-05-09 ERROR Something broke
2025-05-09 INFO To check the warning
2025-05-09 INFO To check the warning
2025-05-09 ERROR Something broke
2025-05-09 ERROR Something broke
2025-05-09 INFO To check the warning
2025-05-09 ERROR Something broke
2025-05-09 ERROR Something broke
2025-05-09 ERROR Something broke
2025-05-09 ERROR Something broke
2025-05-09 ERROR Something broke
2025-05-09 ERROR Something broke
2025-05-09 ERROR Something broke
2025-05-09 ERROR Something broke
2025-05-09 ERROR Something broke
2025-05-09 ERROR Something broke
2025-05-09 ERROR Something broke
2025-05-09 ERROR Something broke
2025-05-09 ERROR Something broke
2025-05-09 ERROR Something broke
2025-05-09 ERROR Something broke
2025-05-09 ERROR Something broke
2025-05-09 ERROR Something broke
2025-05-09 ERROR Something broke
2025-05-09 ERROR Something broke
2025-05-09 ERROR Something broke
2025-05-09 ERROR Something broke
2025-05-09 ERROR Something broke
2025-05-09 ERROR Something broke
2025-05-09 ERROR Something broke
2025-05-09 ERROR Something broke
2025-05-09 ERROR Something broke
2025-05-09 ERROR Something broke
2025-05-09 ERROR Something broke
2025-05-09 ERROR Something broke
2025-05-09 ERROR Something broke
2025-05-09 ERROR Something broke
2025-05-09 ERROR Something broke
2025-05-09 ERROR Something broke
2025-05-09 ERROR Something broke
2025-05-09 ERROR Something broke
2025-05-09 ERROR Something broke
INFO  09 May 2025 06:13:19 [ConnectionPool.java:25] - Max idle connections is 0 Total Connections are 0
2025-05-09 ERROR Something broke
INFO everything is alright
